Traceback (most recent call last):
  File "/home/geez219/anaconda3/envs/tf2.1/lib/python3.6/site-packages/pkg_resources/__init__.py", line 3022, in _dep_map
    return self.__dep_map
  File "/home/geez219/anaconda3/envs/tf2.1/lib/python3.6/site-packages/pkg_resources/__init__.py", line 2816, in __getattr__
    raise AttributeError(attr)
AttributeError: _DistInfoDistribution__dep_map

During handling of the above exception, another exception occurred:

Traceback (most recent call last):
  File "/home/geez219/anaconda3/envs/tf2.1/bin/fastestimator", line 6, in <module>
    from pkg_resources import load_entry_point
  File "/home/geez219/anaconda3/envs/tf2.1/lib/python3.6/site-packages/pkg_resources/__init__.py", line 3252, in <module>
    @_call_aside
  File "/home/geez219/anaconda3/envs/tf2.1/lib/python3.6/site-packages/pkg_resources/__init__.py", line 3236, in _call_aside
    f(*args, **kwargs)
  File "/home/geez219/anaconda3/envs/tf2.1/lib/python3.6/site-packages/pkg_resources/__init__.py", line 3265, in _initialize_master_working_set
    working_set = WorkingSet._build_master()
  File "/home/geez219/anaconda3/envs/tf2.1/lib/python3.6/site-packages/pkg_resources/__init__.py", line 584, in _build_master
    ws.require(__requires__)
  File "/home/geez219/anaconda3/envs/tf2.1/lib/python3.6/site-packages/pkg_resources/__init__.py", line 901, in require
    needed = self.resolve(parse_requirements(requirements))
  File "/home/geez219/anaconda3/envs/tf2.1/lib/python3.6/site-packages/pkg_resources/__init__.py", line 795, in resolve
    new_requirements = dist.requires(req.extras)[::-1]
  File "/home/geez219/anaconda3/envs/tf2.1/lib/python3.6/site-packages/pkg_resources/__init__.py", line 2737, in requires
    dm = self._dep_map
  File "/home/geez219/anaconda3/envs/tf2.1/lib/python3.6/site-packages/pkg_resources/__init__.py", line 3024, in _dep_map
    self.__dep_map = self._compute_dependencies()
  File "/home/geez219/anaconda3/envs/tf2.1/lib/python3.6/site-packages/pkg_resources/__init__.py", line 3034, in _compute_dependencies
    reqs.extend(parse_requirements(req))
  File "/home/geez219/anaconda3/envs/tf2.1/lib/python3.6/site-packages/pkg_resources/__init__.py", line 3095, in parse_requirements
    yield Requirement(line)
  File "/home/geez219/anaconda3/envs/tf2.1/lib/python3.6/site-packages/pkg_resources/__init__.py", line 3116, in __init__
    str(self.marker) if self.marker else None,
  File "/home/geez219/anaconda3/envs/tf2.1/lib/python3.6/site-packages/pkg_resources/_vendor/packaging/markers.py", line 283, in __str__
    return _format_marker(self._markers)
  File "/home/geez219/anaconda3/envs/tf2.1/lib/python3.6/site-packages/pkg_resources/_vendor/packaging/markers.py", line 157, in _format_marker
    return _format_marker(marker[0])
  File "/home/geez219/anaconda3/envs/tf2.1/lib/python3.6/site-packages/pkg_resources/_vendor/packaging/markers.py", line 166, in _format_marker
    return " ".join([m.serialize() for m in marker])
  File "/home/geez219/anaconda3/envs/tf2.1/lib/python3.6/site-packages/pkg_resources/_vendor/packaging/markers.py", line 166, in <listcomp>
    return " ".join([m.serialize() for m in marker])
  File "/home/geez219/anaconda3/envs/tf2.1/lib/python3.6/site-packages/pkg_resources/_vendor/packaging/markers.py", line 68, in serialize
    return '"{0}"'.format(self)
KeyboardInterrupt
